INFO  - 2021-01-05 17:52:03.089; org.PlanCanadaTestAutomation.tests.PlanCanada_TestTribute_TC02_DDT; ---starting PlanCanada_TestTribute_TC02_DDT--- 
INFO  - 2021-01-05 17:52:13.218; org.PlanCanadaTestAutomation.tests.PlanCanada_TestTribute_TC02_DDT; ---starting PlanCanada_TestTribute_TC02_DDT--- 
INFO  - 2021-01-05 17:52:23.259; org.PlanCanadaTestAutomation.tests.PlanCanada_TestTribute_TC02_DDT; ---starting PlanCanada_TestTribute_TC02_DDT--- 
INFO  - 2021-01-05 18:09:19.858; org.PlanCanadaTestAutomation.tests.PlanCanada_TestTribute_TC02_DDT; ---starting PlanCanada_TestTribute_TC02_DDT--- 
INFO  - 2021-01-05 18:09:30.029; org.PlanCanadaTestAutomation.tests.PlanCanada_TestTribute_TC02_DDT; ---starting PlanCanada_TestTribute_TC02_DDT--- 
INFO  - 2021-01-05 18:09:40.072; org.PlanCanadaTestAutomation.tests.PlanCanada_TestTribute_TC02_DDT; ---starting PlanCanada_TestTribute_TC02_DDT--- 
INFO  - 2021-01-05 18:18:00.162; org.PlanCanadaTestAutomation.tests.PlanCanada_TestTribute_TC02_DDT; ---starting PlanCanada_TestTribute_TC02_DDT--- 
INFO  - 2021-01-05 18:18:10.324; org.PlanCanadaTestAutomation.tests.PlanCanada_TestTribute_TC02_DDT; ---starting PlanCanada_TestTribute_TC02_DDT--- 
INFO  - 2021-01-05 18:18:20.381; org.PlanCanadaTestAutomation.tests.PlanCanada_TestTribute_TC02_DDT; ---starting PlanCanada_TestTribute_TC02_DDT--- 
INFO  - 2021-01-05 22:18:28.022; org.PlanCanadaTestAutomation.tests.PlanCanada_TestTribute_TC02_DDT; ---starting PlanCanada_TestTribute_TC02_DDT--- 
INFO  - 2021-01-05 22:18:38.122; org.PlanCanadaTestAutomation.tests.PlanCanada_TestTribute_TC02_DDT; ---starting PlanCanada_TestTribute_TC02_DDT--- 
INFO  - 2021-01-05 22:19:01.177; org.PlanCanadaTestAutomation.tests.PlanCanada_TestTribute_TC02_DDT; --- Finished PlanCanada_TestTribute_TC02_DDT ---
INFO  - 2021-01-05 22:19:01.187; org.PlanCanadaTestAutomation.tests.PlanCanada_TestTribute_TC02_DDT; ---starting PlanCanada_TestTribute_TC02_DDT--- 
INFO  - 2021-01-05 22:19:21.332; org.PlanCanadaTestAutomation.tests.PlanCanada_TestTribute_TC02_DDT; --- Finished PlanCanada_TestTribute_TC02_DDT ---
INFO  - 2021-01-05 22:22:43.031; org.PlanCanadaTestAutomation.tests.PlanCanada_TestTribute_TC02_DDT; ---starting PlanCanada_TestTribute_TC02_DDT--- 
INFO  - 2021-01-05 22:22:53.172; org.PlanCanadaTestAutomation.tests.PlanCanada_TestTribute_TC02_DDT; ---starting PlanCanada_TestTribute_TC02_DDT--- 
INFO  - 2021-01-05 22:23:47.833; org.PlanCanadaTestAutomation.tests.PlanCanada_TestTribute_TC02_DDT; ---starting PlanCanada_TestTribute_TC02_DDT--- 
INFO  - 2021-01-05 22:23:57.975; org.PlanCanadaTestAutomation.tests.PlanCanada_TestTribute_TC02_DDT; ---starting PlanCanada_TestTribute_TC02_DDT--- 
INFO  - 2021-01-05 22:24:08.020; org.PlanCanadaTestAutomation.tests.PlanCanada_TestTribute_TC02_DDT; ---starting PlanCanada_TestTribute_TC02_DDT--- 
INFO  - 2021-01-05 22:26:04.949; org.PlanCanadaTestAutomation.tests.PlanCanada_TestTribute_TC02_DDT; ---starting PlanCanada_TestTribute_TC02_DDT--- 
INFO  - 2021-01-05 22:26:15.110; org.PlanCanadaTestAutomation.tests.PlanCanada_TestTribute_TC02_DDT; ---starting PlanCanada_TestTribute_TC02_DDT--- 
INFO  - 2021-01-05 22:26:25.160; org.PlanCanadaTestAutomation.tests.PlanCanada_TestTribute_TC02_DDT; ---starting PlanCanada_TestTribute_TC02_DDT--- 
INFO  - 2021-01-05 22:28:07.781; org.PlanCanadaTestAutomation.tests.PlanCanada_TestTribute_TC02_DDT; ---starting PlanCanada_TestTribute_TC02_DDT--- 
INFO  - 2021-01-05 22:28:22.928; org.PlanCanadaTestAutomation.tests.PlanCanada_TestTribute_TC02_DDT; ---starting PlanCanada_TestTribute_TC02_DDT--- 
INFO  - 2021-01-05 22:34:23.110; org.PlanCanadaTestAutomation.tests.Tester; ---starting PlanCanada_TestTribute_TC02_DDT--- 
INFO  - 2021-01-05 22:34:48.190; org.PlanCanadaTestAutomation.tests.Tester; ---starting PlanCanada_TestTribute_TC02_DDT--- 
INFO  - 2021-01-05 22:35:06.510; org.PlanCanadaTestAutomation.tests.Tester; --- Finished PlanCanada_TestTribute_TC02_DDT ---
INFO  - 2021-01-05 22:35:06.515; org.PlanCanadaTestAutomation.tests.Tester; ---starting PlanCanada_TestTribute_TC02_DDT--- 
INFO  - 2021-01-05 22:35:09.751; org.PlanCanadaTestAutomation.tests.Tester; --- Finished PlanCanada_TestTribute_TC02_DDT ---
INFO  - 2021-01-05 22:35:45.087; org.PlanCanadaTestAutomation.tests.Tester; ---starting PlanCanada_TestTribute_TC02_DDT--- 
INFO  - 2021-01-05 22:36:30.546; org.PlanCanadaTestAutomation.tests.Tester; ---starting PlanCanada_TestTribute_TC02_DDT--- 
INFO  - 2021-01-05 22:36:30.590; org.PlanCanadaTestAutomation.tests.Tester; ---starting PlanCanada_TestTribute_TC02_DDT--- 
INFO  - 2021-01-05 22:48:55.686; org.PlanCanadaTestAutomation.tests.Tester; ---starting PlanCanada_TestTribute_TC02_DDT--- 
INFO  - 2021-01-05 22:50:11.976; org.PlanCanadaTestAutomation.tests.Tester; ---starting PlanCanada_TestTribute_TC02_DDT--- 
INFO  - 2021-01-06 09:03:36.808; org.PlanCanadaTestAutomation.tests.PlanCanada_TestTribute_TC02_DDT; ---starting PlanCanada_TestTribute_TC02_DDT--- 
INFO  - 2021-01-06 09:03:58.198; org.PlanCanadaTestAutomation.tests.PlanCanada_TestTribute_TC02_DDT; --- Finished PlanCanada_TestTribute_TC02_DDT ---
INFO  - 2021-01-06 09:03:58.209; org.PlanCanadaTestAutomation.tests.PlanCanada_TestTribute_TC02_DDT; ---starting PlanCanada_TestTribute_TC02_DDT--- 
INFO  - 2021-01-06 09:05:25.678; org.PlanCanadaTestAutomation.tests.PlanCanada_TestTribute_TC02_DDT; ---starting PlanCanada_TestTribute_TC02_DDT--- 
INFO  - 2021-01-06 09:05:55.406; org.PlanCanadaTestAutomation.tests.PlanCanada_TestTribute_TC02_DDT; --- Finished PlanCanada_TestTribute_TC02_DDT ---
INFO  - 2021-01-06 09:05:55.433; org.PlanCanadaTestAutomation.tests.PlanCanada_TestTribute_TC02_DDT; ---starting PlanCanada_TestTribute_TC02_DDT--- 
INFO  - 2021-01-06 09:06:51.370; org.PlanCanadaTestAutomation.tests.PlanCanada_TestTribute_TC02_DDT; --- Finished PlanCanada_TestTribute_TC02_DDT ---
INFO  - 2021-01-06 09:06:51.377; org.PlanCanadaTestAutomation.tests.PlanCanada_TestTribute_TC02_DDT; ---starting PlanCanada_TestTribute_TC02_DDT--- 
INFO  - 2021-01-06 09:07:20.163; org.PlanCanadaTestAutomation.tests.PlanCanada_TestTribute_TC02_DDT; --- Finished PlanCanada_TestTribute_TC02_DDT ---
INFO  - 2021-01-06 09:12:56.207; org.PlanCanadaTestAutomation.tests.PlanCanada_TestTribute_TC02_DDT; ---starting PlanCanada_TestTribute_TC02_DDT--- 
INFO  - 2021-01-06 09:13:18.186; org.PlanCanadaTestAutomation.tests.PlanCanada_TestTribute_TC02_DDT; --- Finished PlanCanada_TestTribute_TC02_DDT ---
INFO  - 2021-01-06 09:13:18.198; org.PlanCanadaTestAutomation.tests.PlanCanada_TestTribute_TC02_DDT; ---starting PlanCanada_TestTribute_TC02_DDT--- 
INFO  - 2021-01-06 09:13:18.298; org.PlanCanadaTestAutomation.tests.PlanCanada_TestTribute_TC02_DDT; ---starting PlanCanada_TestTribute_TC02_DDT--- 
INFO  - 2021-01-06 11:36:39.362; org.PlanCanadaTestAutomation.tests.PlanCanada_TestTribute_TC02_DDT; ---starting PlanCanada_TestTribute_TC02_DDT--- 
INFO  - 2021-01-06 11:37:02.149; org.PlanCanadaTestAutomation.tests.PlanCanada_TestTribute_TC02_DDT; --- Finished PlanCanada_TestTribute_TC02_DDT ---
INFO  - 2021-01-06 11:37:02.156; org.PlanCanadaTestAutomation.tests.PlanCanada_TestTribute_TC02_DDT; ---starting PlanCanada_TestTribute_TC02_DDT--- 
INFO  - 2021-01-06 11:37:33.298; org.PlanCanadaTestAutomation.tests.PlanCanada_TestTribute_TC02_DDT; ---starting PlanCanada_TestTribute_TC02_DDT--- 
INFO  - 2021-01-06 11:39:04.829; org.PlanCanadaTestAutomation.tests.PlanCanada_TestTribute_TC02_DDT; ---starting PlanCanada_TestTribute_TC02_DDT--- 
INFO  - 2021-01-06 11:39:22.650; org.PlanCanadaTestAutomation.tests.PlanCanada_TestTribute_TC02_DDT; --- Finished PlanCanada_TestTribute_TC02_DDT ---
INFO  - 2021-01-06 11:39:22.659; org.PlanCanadaTestAutomation.tests.PlanCanada_TestTribute_TC02_DDT; ---starting PlanCanada_TestTribute_TC02_DDT--- 
INFO  - 2021-01-06 11:39:40.027; org.PlanCanadaTestAutomation.tests.PlanCanada_TestTribute_TC02_DDT; --- Finished PlanCanada_TestTribute_TC02_DDT ---
INFO  - 2021-01-06 11:39:40.033; org.PlanCanadaTestAutomation.tests.PlanCanada_TestTribute_TC02_DDT; ---starting PlanCanada_TestTribute_TC02_DDT--- 
INFO  - 2021-01-06 11:39:55.866; org.PlanCanadaTestAutomation.tests.PlanCanada_TestTribute_TC02_DDT; --- Finished PlanCanada_TestTribute_TC02_DDT ---
INFO  - 2021-01-06 11:43:32.735; org.PlanCanadaTestAutomation.tests.PlanCanada_TestTribute_TC02_DDT; ---starting PlanCanada_TestTribute_TC02_DDT--- 
INFO  - 2021-01-06 11:43:59.179; org.PlanCanadaTestAutomation.tests.PlanCanada_TestTribute_TC02_DDT; --- Finished PlanCanada_TestTribute_TC02_DDT ---
INFO  - 2021-01-06 11:43:59.186; org.PlanCanadaTestAutomation.tests.PlanCanada_TestTribute_TC02_DDT; ---starting PlanCanada_TestTribute_TC02_DDT--- 
INFO  - 2021-01-06 11:44:13.934; org.PlanCanadaTestAutomation.tests.PlanCanada_TestTribute_TC02_DDT; --- Finished PlanCanada_TestTribute_TC02_DDT ---
INFO  - 2021-01-06 11:44:13.941; org.PlanCanadaTestAutomation.tests.PlanCanada_TestTribute_TC02_DDT; ---starting PlanCanada_TestTribute_TC02_DDT--- 
INFO  - 2021-01-06 11:44:28.303; org.PlanCanadaTestAutomation.tests.PlanCanada_TestTribute_TC02_DDT; --- Finished PlanCanada_TestTribute_TC02_DDT ---
INFO  - 2021-01-06 11:51:04.576; org.PlanCanadaTestAutomation.tests.PlanCanada_TestTribute_TC02_DDT; ---starting PlanCanada_TestTribute_TC02_DDT--- 
INFO  - 2021-01-06 11:51:32.675; org.PlanCanadaTestAutomation.tests.PlanCanada_TestTribute_TC02_DDT; --- Finished PlanCanada_TestTribute_TC02_DDT ---
INFO  - 2021-01-06 11:51:32.682; org.PlanCanadaTestAutomation.tests.PlanCanada_TestTribute_TC02_DDT; ---starting PlanCanada_TestTribute_TC02_DDT--- 
INFO  - 2021-01-06 11:51:50.150; org.PlanCanadaTestAutomation.tests.PlanCanada_TestTribute_TC02_DDT; --- Finished PlanCanada_TestTribute_TC02_DDT ---
INFO  - 2021-01-06 11:51:50.153; org.PlanCanadaTestAutomation.tests.PlanCanada_TestTribute_TC02_DDT; ---starting PlanCanada_TestTribute_TC02_DDT--- 
INFO  - 2021-01-06 11:52:05.596; org.PlanCanadaTestAutomation.tests.PlanCanada_TestTribute_TC02_DDT; --- Finished PlanCanada_TestTribute_TC02_DDT ---
INFO  - 2021-01-06 12:48:50.316; org.PlanCanadaTestAutomation.tests.SalesForce_TC01; ---starting SalesForce_TC01--- 
INFO  - 2021-01-06 12:50:36.944; org.PlanCanadaTestAutomation.tests.SalesForce_TC01; ---starting SalesForce_TC01--- 
INFO  - 2021-01-06 12:52:31.022; org.PlanCanadaTestAutomation.tests.SalesForce_TC01; ---starting SalesForce_TC01--- 
INFO  - 2021-01-06 12:54:42.611; org.PlanCanadaTestAutomation.tests.SalesForce_TC01; ---starting SalesForce_TC01--- 
INFO  - 2021-01-06 12:54:56.465; org.PlanCanadaTestAutomation.tests.SalesForce_TC01; --- Finished SalesForce_TC01 ---
INFO  - 2021-01-06 12:59:55.587; org.PlanCanadaTestAutomation.tests.SalesForce_TC01; ---starting SalesForce_TC01--- 
INFO  - 2021-01-06 13:01:51.154; org.PlanCanadaTestAutomation.tests.SalesForce_TC01; ---starting SalesForce_TC01--- 
INFO  - 2021-01-06 13:02:05.797; org.PlanCanadaTestAutomation.tests.SalesForce_TC01; --- Finished SalesForce_TC01 ---
INFO  - 2021-01-06 13:43:32.295; org.PlanCanadaTestAutomation.tests.SalesForce_TC01; ---starting SalesForce_TC01--- 
INFO  - 2021-01-06 13:45:15.444; org.PlanCanadaTestAutomation.tests.SalesForce_TC01; ---starting SalesForce_TC01--- 
INFO  - 2021-01-06 13:50:15.781; org.PlanCanadaTestAutomation.tests.SalesForce_TC01; ---starting SalesForce_TC01--- 
INFO  - 2021-01-06 13:51:32.873; org.PlanCanadaTestAutomation.tests.SalesForce_TC01; ---starting SalesForce_TC01--- 
INFO  - 2021-01-06 13:51:46.688; org.PlanCanadaTestAutomation.tests.SalesForce_TC01; --- Finished SalesForce_TC01 ---
INFO  - 2021-01-06 14:31:32.945; org.PlanCanadaTestAutomation.tests.SalesForce_TC01; ---starting SalesForce_TC01--- 
INFO  - 2021-01-06 14:48:20.136; org.PlanCanadaTestAutomation.tests.SalesForce_TC01; ---starting SalesForce_TC01--- 
INFO  - 2021-01-06 14:51:09.188; org.PlanCanadaTestAutomation.tests.SalesForce_TC01; ---starting SalesForce_TC01--- 
INFO  - 2021-01-06 14:53:26.624; org.PlanCanadaTestAutomation.tests.SalesForce_TC01; ---starting SalesForce_TC01--- 
INFO  - 2021-01-06 14:53:41.223; org.PlanCanadaTestAutomation.tests.SalesForce_TC01; --- Finished SalesForce_TC01 ---
INFO  - 2021-01-06 14:57:16.935; org.PlanCanadaTestAutomation.tests.SalesForce_TC01; ---starting SalesForce_TC01--- 
INFO  - 2021-01-06 14:57:30.466; org.PlanCanadaTestAutomation.tests.SalesForce_TC01; --- Finished SalesForce_TC01 ---
INFO  - 2021-01-06 15:05:44.143; org.PlanCanadaTestAutomation.tests.SalesForce_TC01; ---starting SalesForce_TC01--- 
INFO  - 2021-01-06 15:06:20.859; org.PlanCanadaTestAutomation.tests.SalesForce_TC01; ---starting SalesForce_TC01--- 
INFO  - 2021-01-06 15:14:22.976; org.PlanCanadaTestAutomation.tests.SalesForce_TC01; ---starting SalesForce_TC01--- 
INFO  - 2021-01-06 15:15:12.850; org.PlanCanadaTestAutomation.tests.SalesForce_TC01; ---starting SalesForce_TC01--- 
INFO  - 2021-01-06 15:15:26.096; org.PlanCanadaTestAutomation.tests.SalesForce_TC01; --- Finished SalesForce_TC01 ---
INFO  - 2021-01-06 15:15:58.977; org.PlanCanadaTestAutomation.tests.SalesForce_TC01; ---starting SalesForce_TC01--- 
INFO  - 2021-01-06 15:16:12.030; org.PlanCanadaTestAutomation.tests.SalesForce_TC01; --- Finished SalesForce_TC01 ---
INFO  - 2021-01-06 15:17:31.472; org.PlanCanadaTestAutomation.tests.SalesForce_TC01; ---starting SalesForce_TC01--- 
INFO  - 2021-01-06 15:17:45.095; org.PlanCanadaTestAutomation.tests.SalesForce_TC01; --- Finished SalesForce_TC01 ---
INFO  - 2021-01-06 15:25:52.969; org.PlanCanadaTestAutomation.tests.SalesForce_TC01; ---starting SalesForce_TC01--- 
INFO  - 2021-01-06 15:26:06.284; org.PlanCanadaTestAutomation.tests.SalesForce_TC01; --- Finished SalesForce_TC01 ---
INFO  - 2021-01-06 15:27:07.704; org.PlanCanadaTestAutomation.tests.SalesForce_TC01; ---starting SalesForce_TC01--- 
INFO  - 2021-01-06 15:27:22.999; org.PlanCanadaTestAutomation.tests.SalesForce_TC01; --- Finished SalesForce_TC01 ---
INFO  - 2021-01-06 15:54:02.745; org.PlanCanadaTestAutomation.tests.SalesForce_TC01; ---starting SalesForce_TC01--- 
INFO  - 2021-01-06 15:54:18.886; org.PlanCanadaTestAutomation.tests.SalesForce_TC01; --- Finished SalesForce_TC01 ---
INFO  - 2021-01-06 16:22:11.706; org.PlanCanadaTestAutomation.tests.SalesForce_TC01; ---starting SalesForce_TC01--- 
INFO  - 2021-01-06 16:22:28.370; org.PlanCanadaTestAutomation.tests.SalesForce_TC01; --- Finished SalesForce_TC01 ---
INFO  - 2021-01-06 16:26:58.613; org.PlanCanadaTestAutomation.tests.SalesForce_TC01; ---starting SalesForce_TC01--- 
INFO  - 2021-01-06 16:29:22.370; org.PlanCanadaTestAutomation.tests.SalesForce_TC01; ---starting SalesForce_TC01--- 
INFO  - 2021-01-06 16:33:23.614; org.PlanCanadaTestAutomation.tests.SalesForce_TC01; ---starting SalesForce_TC01--- 
INFO  - 2021-01-06 16:35:35.423; org.PlanCanadaTestAutomation.tests.SalesForce_TC01; ---starting SalesForce_TC01--- 
INFO  - 2021-01-06 16:51:07.510; org.PlanCanadaTestAutomation.tests.SalesForce_TC01; ---starting SalesForce_TC01--- 
INFO  - 2021-01-06 16:51:17.912; org.PlanCanadaTestAutomation.tests.SalesForce_TC01; --- Finished SalesForce_TC01 ---
INFO  - 2021-01-06 16:52:48.437; org.PlanCanadaTestAutomation.tests.SalesForce_TC01; ---starting SalesForce_TC01--- 
INFO  - 2021-01-06 16:52:58.841; org.PlanCanadaTestAutomation.tests.SalesForce_TC01; --- Finished SalesForce_TC01 ---
INFO  - 2021-01-06 16:59:56.318; org.PlanCanadaTestAutomation.tests.SalesForce_TC01; ---starting SalesForce_TC01--- 
INFO  - 2021-01-06 17:00:07.135; org.PlanCanadaTestAutomation.tests.SalesForce_TC01; --- Finished SalesForce_TC01 ---
INFO  - 2021-01-06 17:16:57.543; org.PlanCanadaTestAutomation.tests.SalesForce_TC01; ---starting SalesForce_TC01--- 
INFO  - 2021-01-06 17:17:14.022; org.PlanCanadaTestAutomation.tests.SalesForce_TC01; --- Finished SalesForce_TC01 ---
INFO  - 2021-01-06 17:19:30.675; org.PlanCanadaTestAutomation.tests.SalesForce_TC01; ---starting SalesForce_TC01--- 
INFO  - 2021-01-06 17:19:57.514; org.PlanCanadaTestAutomation.tests.SalesForce_TC01; ---starting SalesForce_TC01--- 
INFO  - 2021-01-06 17:24:08.320; org.PlanCanadaTestAutomation.tests.SalesForce_TC01; ---starting SalesForce_TC01--- 
INFO  - 2021-01-06 17:31:35.406; org.PlanCanadaTestAutomation.tests.SalesForce_TC01; ---starting SalesForce_TC01--- 
INFO  - 2021-01-06 17:32:43.800; org.PlanCanadaTestAutomation.tests.SalesForce_TC01; ---starting SalesForce_TC01--- 
INFO  - 2021-01-06 17:33:27.952; org.PlanCanadaTestAutomation.tests.SalesForce_TC01; ---starting SalesForce_TC01--- 
INFO  - 2021-01-06 17:34:20.825; org.PlanCanadaTestAutomation.tests.SalesForce_TC01; ---starting SalesForce_TC01--- 
INFO  - 2021-01-06 17:38:44.940; org.PlanCanadaTestAutomation.tests.SalesForce_TC01; ---starting SalesForce_TC01--- 
INFO  - 2021-01-06 17:42:58.621; org.PlanCanadaTestAutomation.tests.SalesForce_TC01; ---starting SalesForce_TC01--- 
INFO  - 2021-01-06 17:43:25.565; org.PlanCanadaTestAutomation.tests.SalesForce_TC01; --- Finished SalesForce_TC01 ---
INFO  - 2021-01-06 17:46:28.604; org.PlanCanadaTestAutomation.tests.SalesForce_TC01; ---starting SalesForce_TC01--- 
INFO  - 2021-01-06 17:50:15.594; org.PlanCanadaTestAutomation.tests.SalesForce_TC01; ---starting SalesForce_TC01--- 
INFO  - 2021-01-06 17:50:43.592; org.PlanCanadaTestAutomation.tests.SalesForce_TC01; --- Finished SalesForce_TC01 ---
INFO  - 2021-01-06 17:53:58.372; org.PlanCanadaTestAutomation.tests.SalesForce_TC01; ---starting SalesForce_TC01--- 
INFO  - 2021-01-06 17:56:13.606; org.PlanCanadaTestAutomation.tests.SalesForce_TC01; ---starting SalesForce_TC01--- 
INFO  - 2021-01-06 17:56:40.605; org.PlanCanadaTestAutomation.tests.SalesForce_TC01; --- Finished SalesForce_TC01 ---
INFO  - 2021-01-06 17:58:27.435; org.PlanCanadaTestAutomation.tests.SalesForce_TC01; ---starting SalesForce_TC01--- 
INFO  - 2021-01-06 18:01:01.940; org.PlanCanadaTestAutomation.tests.SalesForce_TC01; ---starting SalesForce_TC01--- 
INFO  - 2021-01-06 18:04:04.314; org.PlanCanadaTestAutomation.tests.SalesForce_TC01; ---starting SalesForce_TC01--- 
INFO  - 2021-01-06 18:04:32.559; org.PlanCanadaTestAutomation.tests.SalesForce_TC01; --- Finished SalesForce_TC01 ---
INFO  - 2021-01-06 18:07:44.102; org.PlanCanadaTestAutomation.tests.SalesForce_TC01; ---starting SalesForce_TC01--- 
INFO  - 2021-01-06 18:11:12.832; org.PlanCanadaTestAutomation.tests.SalesForce_TC01; ---starting SalesForce_TC01--- 
INFO  - 2021-01-06 18:11:45.370; org.PlanCanadaTestAutomation.tests.SalesForce_TC01; --- Finished SalesForce_TC01 ---
INFO  - 2021-01-06 18:12:25.968; org.PlanCanadaTestAutomation.tests.SalesForce_TC01; ---starting SalesForce_TC01--- 
INFO  - 2021-01-07 10:34:54.104; org.PlanCanadaTestAutomation.tests.SalesForce_TC01; ---starting SalesForce_TC01--- 
INFO  - 2021-01-07 10:35:24.153; org.PlanCanadaTestAutomation.tests.SalesForce_TC01; --- Finished SalesForce_TC01 ---
INFO  - 2021-01-07 10:39:27.056; org.PlanCanadaTestAutomation.tests.SalesForce_TC01; ---starting SalesForce_TC01--- 
INFO  - 2021-01-07 10:40:12.759; org.PlanCanadaTestAutomation.tests.SalesForce_TC01; ---starting SalesForce_TC01--- 
INFO  - 2021-01-07 10:40:45.187; org.PlanCanadaTestAutomation.tests.SalesForce_TC01; --- Finished SalesForce_TC01 ---
INFO  - 2021-01-07 10:43:03.146; org.PlanCanadaTestAutomation.tests.PlanCanada_TestTribute_TC02_DDT; ---starting PlanCanada_TestTribute_TC02_DDT--- 
INFO  - 2021-01-07 10:43:31.648; org.PlanCanadaTestAutomation.tests.PlanCanada_TestTribute_TC02_DDT; --- Finished PlanCanada_TestTribute_TC02_DDT ---
INFO  - 2021-01-07 10:43:31.653; org.PlanCanadaTestAutomation.tests.PlanCanada_TestTribute_TC02_DDT; ---starting PlanCanada_TestTribute_TC02_DDT--- 
INFO  - 2021-01-07 10:43:46.820; org.PlanCanadaTestAutomation.tests.PlanCanada_TestTribute_TC02_DDT; --- Finished PlanCanada_TestTribute_TC02_DDT ---
INFO  - 2021-01-07 10:43:46.826; org.PlanCanadaTestAutomation.tests.PlanCanada_TestTribute_TC02_DDT; ---starting PlanCanada_TestTribute_TC02_DDT--- 
INFO  - 2021-01-07 10:44:01.559; org.PlanCanadaTestAutomation.tests.PlanCanada_TestTribute_TC02_DDT; --- Finished PlanCanada_TestTribute_TC02_DDT ---
INFO  - 2021-01-07 10:49:55.597; org.PlanCanadaTestAutomation.tests.SalesForce_TC01; ---starting SalesForce_TC01--- 
INFO  - 2021-01-07 10:50:43.400; org.PlanCanadaTestAutomation.tests.SalesForce_TC01; ---starting SalesForce_TC01--- 
INFO  - 2021-01-07 10:51:19.153; org.PlanCanadaTestAutomation.tests.SalesForce_TC01; --- Finished SalesForce_TC01 ---
INFO  - 2021-01-07 11:02:06.433; org.PlanCanadaTestAutomation.tests.PlanCanada_TestTribute_TC02_DDT; ---starting PlanCanada_TestTribute_TC02_DDT--- 
INFO  - 2021-01-07 11:02:28.971; org.PlanCanadaTestAutomation.tests.PlanCanada_TestTribute_TC02_DDT; --- Finished PlanCanada_TestTribute_TC02_DDT ---
INFO  - 2021-01-07 11:02:28.985; org.PlanCanadaTestAutomation.tests.PlanCanada_TestTribute_TC02_DDT; ---starting PlanCanada_TestTribute_TC02_DDT--- 
INFO  - 2021-01-07 11:02:44.167; org.PlanCanadaTestAutomation.tests.PlanCanada_TestTribute_TC02_DDT; --- Finished PlanCanada_TestTribute_TC02_DDT ---
INFO  - 2021-01-07 11:02:44.169; org.PlanCanadaTestAutomation.tests.PlanCanada_TestTribute_TC02_DDT; ---starting PlanCanada_TestTribute_TC02_DDT--- 
INFO  - 2021-01-07 11:05:23.587; org.PlanCanadaTestAutomation.tests.PlanCanada_TestTribute_TC03; ---starting PlanCanada_TestTribute_TC03--- 
INFO  - 2021-01-07 11:05:39.829; org.PlanCanadaTestAutomation.tests.PlanCanada_TestTribute_TC03; --- Finished PlanCanada_TestTribute_TC02_DDT ---
INFO  - 2021-01-07 11:09:41.345; org.PlanCanadaTestAutomation.tests.PlanCanada_TestTribute_TC03; ---starting PlanCanada_TestTribute_TC03--- 
INFO  - 2021-01-07 11:10:00.927; org.PlanCanadaTestAutomation.tests.PlanCanada_TestTribute_TC03; --- Finished PlanCanada_TestTribute_TC02_DDT ---
INFO  - 2021-01-07 11:13:46.288; org.PlanCanadaTestAutomation.tests.PlanCanada_TestTribute_TC03; ---starting PlanCanada_TestTribute_TC03--- 
INFO  - 2021-01-07 11:14:04.102; org.PlanCanadaTestAutomation.tests.PlanCanada_TestTribute_TC03; --- Finished PlanCanada_TestTribute_TC02_DDT ---
INFO  - 2021-01-07 11:23:00.037; org.PlanCanadaTestAutomation.tests.PlanCanada_TestTribute_TC03; ---starting PlanCanada_TestTribute_TC03--- 
INFO  - 2021-01-07 11:23:20.063; org.PlanCanadaTestAutomation.tests.PlanCanada_TestTribute_TC03; --- Finished PlanCanada_TestTribute_TC02_DDT ---
INFO  - 2021-01-07 11:25:02.260; org.PlanCanadaTestAutomation.tests.PlanCanada_TestTribute_TC03; ---starting PlanCanada_TestTribute_TC03--- 
INFO  - 2021-01-07 11:25:31.814; org.PlanCanadaTestAutomation.tests.PlanCanada_TestTribute_TC03; --- Finished PlanCanada_TestTribute_TC02_DDT ---
INFO  - 2021-01-07 11:26:53.370; org.PlanCanadaTestAutomation.tests.PlanCanada_TestTribute_TC03_Message; ---starting PlanCanada_TestTribute_TC03--- 
INFO  - 2021-01-07 11:27:11.876; org.PlanCanadaTestAutomation.tests.PlanCanada_TestTribute_TC03_Message; --- Finished PlanCanada_TestTribute_TC02_DDT ---
INFO  - 2021-01-07 11:33:50.398; org.PlanCanadaTestAutomation.tests.SalesForce_TC01; ---starting SalesForce_TC01--- 
INFO  - 2021-01-07 11:38:21.094; org.PlanCanadaTestAutomation.tests.SalesForce_TC01; ---starting SalesForce_TC01--- 
INFO  - 2021-01-07 11:43:47.989; org.PlanCanadaTestAutomation.tests.SalesForce_TC01; ---starting SalesForce_TC01--- 
INFO  - 2021-01-07 11:47:22.213; org.PlanCanadaTestAutomation.tests.SalesForce_TC01; ---starting SalesForce_TC01--- 
INFO  - 2021-01-07 11:47:58.546; org.PlanCanadaTestAutomation.tests.SalesForce_TC01; --- Finished SalesForce_TC01 ---
INFO  - 2021-01-07 11:53:44.884; org.PlanCanadaTestAutomation.tests.SalesForce_TC01; ---starting SalesForce_TC01--- 
INFO  - 2021-01-07 11:54:20.716; org.PlanCanadaTestAutomation.tests.SalesForce_TC01; --- Finished SalesForce_TC01 ---
INFO  - 2021-01-07 12:01:27.406; org.PlanCanadaTestAutomation.tests.SalesForce_TC01; ---starting SalesForce_TC01--- 
INFO  - 2021-01-07 12:02:04.601; org.PlanCanadaTestAutomation.tests.SalesForce_TC01; --- Finished SalesForce_TC01 ---
INFO  - 2021-01-07 15:25:53.846; org.PlanCanadaTestAutomation.tests.SalesForce_TC01; ---starting SalesForce_TC01--- 
INFO  - 2021-01-07 15:26:16.084; org.PlanCanadaTestAutomation.tests.SalesForce_TC01; ---starting SalesForce_TC01--- 
INFO  - 2021-01-07 15:28:34.551; org.PlanCanadaTestAutomation.tests.SalesForce_TC01; ---starting SalesForce_TC01--- 
INFO  - 2021-01-07 15:29:15.162; org.PlanCanadaTestAutomation.tests.SalesForce_TC01; --- Finished SalesForce_TC01 ---
INFO  - 2021-01-07 15:29:50.857; org.PlanCanadaTestAutomation.tests.PlanCanada_TestTribute_TC02_DDT; ---starting PlanCanada_TestTribute_TC02_DDT--- 
INFO  - 2021-01-07 15:35:35.077; org.PlanCanadaTestAutomation.tests.SalesForce_TC01; ---starting SalesForce_TC01--- 
INFO  - 2021-01-07 15:36:13.429; org.PlanCanadaTestAutomation.tests.PlanCanada_TestTribute_TC03_Message; ---starting PlanCanada_TestTribute_TC03--- 
INFO  - 2021-01-07 15:36:32.771; org.PlanCanadaTestAutomation.tests.PlanCanada_TestTribute_TC03_Message; --- Finished PlanCanada_TestTribute_TC02_DDT ---
INFO  - 2021-01-07 16:34:50.164; org.PlanCanadaTestAutomation.tests.PlanCanada_TestTribute_TC02_DDT; ---starting PlanCanada_TestTribute_TC02_DDT--- 
INFO  - 2021-01-07 16:35:18.925; org.PlanCanadaTestAutomation.tests.PlanCanada_TestTribute_TC02_DDT; --- Finished PlanCanada_TestTribute_TC02_DDT ---
INFO  - 2021-01-07 16:35:18.932; org.PlanCanadaTestAutomation.tests.PlanCanada_TestTribute_TC02_DDT; ---starting PlanCanada_TestTribute_TC02_DDT--- 
INFO  - 2021-01-07 16:35:38.235; org.PlanCanadaTestAutomation.tests.PlanCanada_TestTribute_TC02_DDT; --- Finished PlanCanada_TestTribute_TC02_DDT ---
INFO  - 2021-01-07 16:35:38.237; org.PlanCanadaTestAutomation.tests.PlanCanada_TestTribute_TC02_DDT; ---starting PlanCanada_TestTribute_TC02_DDT--- 
INFO  - 2021-01-07 16:35:56.991; org.PlanCanadaTestAutomation.tests.PlanCanada_TestTribute_TC02_DDT; --- Finished PlanCanada_TestTribute_TC02_DDT ---
INFO  - 2021-01-07 16:36:47.234; org.PlanCanadaTestAutomation.tests.PlanCanada_TestTribute_TC03_Message; ---starting PlanCanada_TestTribute_TC03--- 
INFO  - 2021-01-07 16:37:09.273; org.PlanCanadaTestAutomation.tests.PlanCanada_TestTribute_TC03_Message; --- Finished PlanCanada_TestTribute_TC02_DDT ---
INFO  - 2021-01-07 16:38:30.144; org.PlanCanadaTestAutomation.tests.SalesForce_TC01; ---starting SalesForce_TC01--- 
INFO  - 2021-01-07 16:39:05.672; org.PlanCanadaTestAutomation.tests.SalesForce_TC01; ---starting SalesForce_TC01--- 
INFO  - 2021-01-07 16:39:46.230; org.PlanCanadaTestAutomation.tests.SalesForce_TC01; --- Finished SalesForce_TC01 ---
INFO  - 2021-01-07 16:40:34.750; org.PlanCanadaTestAutomation.tests.SalesForce_TC01; ---starting SalesForce_TC01--- 
INFO  - 2021-01-07 16:41:15.278; org.PlanCanadaTestAutomation.tests.SalesForce_TC01; --- Finished SalesForce_TC01 ---
INFO  - 2021-01-11 11:49:29.505; org.PlanCanadaTestAutomation.tests.SalesForce_TC01; ---starting SalesForce_TC01--- 
INFO  - 2021-01-11 11:50:12.637; org.PlanCanadaTestAutomation.tests.SalesForce_TC01; --- Finished SalesForce_TC01 ---
INFO  - 2021-01-11 15:01:12.270; org.PlanCanadaTestAutomation.tests.PlanCanada_TestTribute_TC02_DDT; ---starting PlanCanada_TestTribute_TC02_DDT--- 
INFO  - 2021-01-11 15:01:32.157; org.PlanCanadaTestAutomation.tests.PlanCanada_TestTribute_TC02_DDT; --- Finished PlanCanada_TestTribute_TC02_DDT ---
INFO  - 2021-01-11 15:01:32.162; org.PlanCanadaTestAutomation.tests.PlanCanada_TestTribute_TC02_DDT; ---starting PlanCanada_TestTribute_TC02_DDT--- 
INFO  - 2021-01-11 15:01:50.267; org.PlanCanadaTestAutomation.tests.PlanCanada_TestTribute_TC02_DDT; --- Finished PlanCanada_TestTribute_TC02_DDT ---
INFO  - 2021-01-11 15:01:50.270; org.PlanCanadaTestAutomation.tests.PlanCanada_TestTribute_TC02_DDT; ---starting PlanCanada_TestTribute_TC02_DDT--- 
INFO  - 2021-01-11 15:02:05.163; org.PlanCanadaTestAutomation.tests.PlanCanada_TestTribute_TC02_DDT; --- Finished PlanCanada_TestTribute_TC02_DDT ---
INFO  - 2021-01-11 15:16:34.040; org.PlanCanadaTestAutomation.tests.PlanCanada_TestTribute_TC02_DDT; ---starting PlanCanada_TestTribute_TC02_DDT--- 
INFO  - 2021-01-11 15:16:50.693; org.PlanCanadaTestAutomation.tests.PlanCanada_TestTribute_TC02_DDT; --- Finished PlanCanada_TestTribute_TC02_DDT ---
INFO  - 2021-01-11 15:16:50.698; org.PlanCanadaTestAutomation.tests.PlanCanada_TestTribute_TC02_DDT; ---starting PlanCanada_TestTribute_TC02_DDT--- 
INFO  - 2021-01-11 15:17:05.925; org.PlanCanadaTestAutomation.tests.PlanCanada_TestTribute_TC02_DDT; --- Finished PlanCanada_TestTribute_TC02_DDT ---
INFO  - 2021-01-11 15:17:05.928; org.PlanCanadaTestAutomation.tests.PlanCanada_TestTribute_TC02_DDT; ---starting PlanCanada_TestTribute_TC02_DDT--- 
INFO  - 2021-01-11 15:17:23.074; org.PlanCanadaTestAutomation.tests.PlanCanada_TestTribute_TC02_DDT; --- Finished PlanCanada_TestTribute_TC02_DDT ---
INFO  - 2021-01-11 15:38:52.469; org.PlanCanadaTestAutomation.tests.PlanCanada_TestTribute_TC02_DDT; ---starting PlanCanada_TestTribute_TC02_DDT--- 
INFO  - 2021-01-11 15:39:47.704; org.PlanCanadaTestAutomation.tests.PlanCanada_TestTribute_TC02_DDT; ---starting PlanCanada_TestTribute_TC02_DDT--- 
INFO  - 2021-01-11 15:40:41.336; org.PlanCanadaTestAutomation.tests.PlanCanada_TestTribute_TC02_DDT; ---starting PlanCanada_TestTribute_TC02_DDT--- 
INFO  - 2021-01-11 15:40:59.638; org.PlanCanadaTestAutomation.tests.PlanCanada_TestTribute_TC02_DDT; --- Finished PlanCanada_TestTribute_TC02_DDT ---
INFO  - 2021-01-11 15:44:12.653; org.PlanCanadaTestAutomation.tests.PlanCanada_TestTribute_TC02_DDT; ---starting PlanCanada_TestTribute_TC02_DDT--- 
INFO  - 2021-01-11 15:45:11.467; org.PlanCanadaTestAutomation.tests.PlanCanada_TestTribute_TC02_DDT; --- Finished PlanCanada_TestTribute_TC02_DDT ---
INFO  - 2021-01-11 15:45:11.471; org.PlanCanadaTestAutomation.tests.PlanCanada_TestTribute_TC02_DDT; ---starting PlanCanada_TestTribute_TC02_DDT--- 
INFO  - 2021-01-11 15:46:07.827; org.PlanCanadaTestAutomation.tests.PlanCanada_TestTribute_TC02_DDT; --- Finished PlanCanada_TestTribute_TC02_DDT ---
INFO  - 2021-01-11 15:46:07.829; org.PlanCanadaTestAutomation.tests.PlanCanada_TestTribute_TC02_DDT; ---starting PlanCanada_TestTribute_TC02_DDT--- 
INFO  - 2021-01-11 15:46:22.350; org.PlanCanadaTestAutomation.tests.PlanCanada_TestTribute_TC02_DDT; --- Finished PlanCanada_TestTribute_TC02_DDT ---
INFO  - 2021-01-11 15:48:03.607; org.PlanCanadaTestAutomation.tests.PlanCanada_TestTribute_TC02_DDT; ---starting PlanCanada_TestTribute_TC02_DDT--- 
INFO  - 2021-01-11 15:49:02.606; org.PlanCanadaTestAutomation.tests.PlanCanada_TestTribute_TC02_DDT; --- Finished PlanCanada_TestTribute_TC02_DDT ---
INFO  - 2021-01-11 15:49:02.623; org.PlanCanadaTestAutomation.tests.PlanCanada_TestTribute_TC02_DDT; ---starting PlanCanada_TestTribute_TC02_DDT--- 
INFO  - 2021-01-11 15:51:09.182; org.PlanCanadaTestAutomation.tests.PlanCanada_TestTribute_TC02_DDT; ---starting PlanCanada_TestTribute_TC02_DDT--- 
INFO  - 2021-01-11 15:51:38.072; org.PlanCanadaTestAutomation.tests.PlanCanada_TestTribute_TC02_DDT; --- Finished PlanCanada_TestTribute_TC02_DDT ---
INFO  - 2021-01-11 15:51:38.077; org.PlanCanadaTestAutomation.tests.PlanCanada_TestTribute_TC02_DDT; ---starting PlanCanada_TestTribute_TC02_DDT--- 
INFO  - 2021-01-11 15:52:17.557; org.PlanCanadaTestAutomation.tests.PlanCanada_TestTribute_TC02_DDT; ---starting PlanCanada_TestTribute_TC02_DDT--- 
INFO  - 2021-01-11 15:52:31.674; org.PlanCanadaTestAutomation.tests.PlanCanada_TestTribute_TC02_DDT; --- Finished PlanCanada_TestTribute_TC02_DDT ---
INFO  - 2021-01-11 15:52:31.681; org.PlanCanadaTestAutomation.tests.PlanCanada_TestTribute_TC02_DDT; ---starting PlanCanada_TestTribute_TC02_DDT--- 
INFO  - 2021-01-11 15:52:44.349; org.PlanCanadaTestAutomation.tests.PlanCanada_TestTribute_TC02_DDT; --- Finished PlanCanada_TestTribute_TC02_DDT ---
INFO  - 2021-01-11 15:52:44.354; org.PlanCanadaTestAutomation.tests.PlanCanada_TestTribute_TC02_DDT; ---starting PlanCanada_TestTribute_TC02_DDT--- 
INFO  - 2021-01-11 15:53:13.483; org.PlanCanadaTestAutomation.tests.PlanCanada_TestTribute_TC02_DDT; ---starting PlanCanada_TestTribute_TC02_DDT--- 
INFO  - 2021-01-11 15:53:30.261; org.PlanCanadaTestAutomation.tests.PlanCanada_TestTribute_TC02_DDT; --- Finished PlanCanada_TestTribute_TC02_DDT ---
INFO  - 2021-01-11 15:53:30.267; org.PlanCanadaTestAutomation.tests.PlanCanada_TestTribute_TC02_DDT; ---starting PlanCanada_TestTribute_TC02_DDT--- 
INFO  - 2021-01-11 15:53:41.623; org.PlanCanadaTestAutomation.tests.PlanCanada_TestTribute_TC02_DDT; --- Finished PlanCanada_TestTribute_TC02_DDT ---
INFO  - 2021-01-11 15:53:41.626; org.PlanCanadaTestAutomation.tests.PlanCanada_TestTribute_TC02_DDT; ---starting PlanCanada_TestTribute_TC02_DDT--- 
INFO  - 2021-01-11 15:55:16.629; org.PlanCanadaTestAutomation.tests.PlanCanada_TestTribute_TC02_DDT; ---starting PlanCanada_TestTribute_TC02_DDT--- 
INFO  - 2021-01-11 15:55:30.383; org.PlanCanadaTestAutomation.tests.PlanCanada_TestTribute_TC02_DDT; --- Finished PlanCanada_TestTribute_TC02_DDT ---
INFO  - 2021-01-11 15:55:30.399; org.PlanCanadaTestAutomation.tests.PlanCanada_TestTribute_TC02_DDT; ---starting PlanCanada_TestTribute_TC02_DDT--- 
INFO  - 2021-01-11 15:55:41.414; org.PlanCanadaTestAutomation.tests.PlanCanada_TestTribute_TC02_DDT; --- Finished PlanCanada_TestTribute_TC02_DDT ---
INFO  - 2021-01-11 15:55:41.417; org.PlanCanadaTestAutomation.tests.PlanCanada_TestTribute_TC02_DDT; ---starting PlanCanada_TestTribute_TC02_DDT--- 
INFO  - 2021-01-11 15:55:53.038; org.PlanCanadaTestAutomation.tests.PlanCanada_TestTribute_TC02_DDT; --- Finished PlanCanada_TestTribute_TC02_DDT ---
INFO  - 2021-01-11 16:11:35.238; org.PlanCanadaTestAutomation.tests.PlanCanada_TestTribute_TC02_DDT; ---starting PlanCanada_TestTribute_TC02_DDT--- 
INFO  - 2021-01-11 16:11:50.485; org.PlanCanadaTestAutomation.tests.PlanCanada_TestTribute_TC02_DDT; --- Finished PlanCanada_TestTribute_TC02_DDT ---
INFO  - 2021-01-11 16:11:50.492; org.PlanCanadaTestAutomation.tests.PlanCanada_TestTribute_TC02_DDT; ---starting PlanCanada_TestTribute_TC02_DDT--- 
INFO  - 2021-01-11 16:12:04.185; org.PlanCanadaTestAutomation.tests.PlanCanada_TestTribute_TC02_DDT; --- Finished PlanCanada_TestTribute_TC02_DDT ---
INFO  - 2021-01-11 16:12:04.189; org.PlanCanadaTestAutomation.tests.PlanCanada_TestTribute_TC02_DDT; ---starting PlanCanada_TestTribute_TC02_DDT--- 
INFO  - 2021-01-11 16:12:17.195; org.PlanCanadaTestAutomation.tests.PlanCanada_TestTribute_TC02_DDT; --- Finished PlanCanada_TestTribute_TC02_DDT ---
INFO  - 2021-01-11 16:13:59.086; org.PlanCanadaTestAutomation.tests.SalesForce_TC01; ---starting SalesForce_TC01--- 
INFO  - 2021-01-11 16:14:38.642; org.PlanCanadaTestAutomation.tests.SalesForce_TC01; --- Finished SalesForce_TC01 ---
INFO  - 2021-01-17 19:56:58.065; org.PlanCanadaTestAutomation.tests.Tester; ---starting PlanCanada_TestTribute_TC02_DDT--- 
INFO  - 2021-01-17 19:57:15.248; org.PlanCanadaTestAutomation.tests.Tester; ---starting PlanCanada_TestTribute_TC02_DDT--- 
INFO  - 2021-01-17 19:57:27.558; org.PlanCanadaTestAutomation.tests.Tester; ---starting PlanCanada_TestTribute_TC02_DDT--- 
INFO  - 2021-01-17 20:05:39.912; org.PlanCanadaTestAutomation.tests.Tester; ---starting PlanCanada_TestTribute_TC03--- 
INFO  - 2021-01-17 20:07:20.874; org.PlanCanadaTestAutomation.tests.Tester; ---starting PlanCanada_TestTribute_TC03--- 
INFO  - 2021-01-17 20:07:42.811; org.PlanCanadaTestAutomation.tests.Tester; --- Finished PlanCanada_TestTribute_TC02_DDT ---
INFO  - 2021-01-17 20:08:47.276; org.PlanCanadaTestAutomation.tests.Tester; ---starting PlanCanada_TestTribute_TC03--- 
INFO  - 2021-01-17 20:13:37.779; org.PlanCanadaTestAutomation.tests.Tester; ---starting PlanCanada_TestTribute_TC03--- 
INFO  - 2021-01-18 11:24:54.407; org.PlanCanadaTestAutomation.tests.Tester; ---starting PlanCanada_TestTribute_TC03--- 
INFO  - 2021-01-18 11:39:30.393; org.PlanCanadaTestAutomation.tests.Tester; ---starting PlanCanada_TestTribute_TC03--- 
INFO  - 2021-01-18 12:11:47.694; org.PlanCanadaTestAutomation.tests.Tester; ---starting PlanCanada_TestTribute_TC03--- 
INFO  - 2021-01-18 12:38:32.865; org.PlanCanadaTestAutomation.tests.Tester; ---starting PlanCanada_TestTribute_TC03--- 
INFO  - 2021-01-18 12:42:48.003; org.PlanCanadaTestAutomation.tests.Tester; ---starting PlanCanada_TestTribute_TC03--- 
INFO  - 2021-01-18 12:43:37.044; org.PlanCanadaTestAutomation.tests.Tester; ---starting PlanCanada_TestTribute_TC03--- 
INFO  - 2021-01-18 13:08:19.258; org.PlanCanadaTestAutomation.tests.Tester; ---starting PlanCanada_TestTribute_TC03--- 
INFO  - 2021-01-18 13:08:33.654; org.PlanCanadaTestAutomation.tests.Tester; --- Finished PlanCanada_TestTribute_TC02_DDT ---
INFO  - 2021-01-18 13:12:57.707; org.PlanCanadaTestAutomation.tests.PlanCanada_TestTribute_TC02_DDT; ---starting PlanCanada_TestTribute_TC02_DDT--- 
INFO  - 2021-01-18 13:14:56.323; org.PlanCanadaTestAutomation.tests.PlanCanada_TestTribute_TC02_DDT; ---starting PlanCanada_TestTribute_TC02_DDT--- 
INFO  - 2021-01-18 13:15:21.141; org.PlanCanadaTestAutomation.tests.PlanCanada_TestTribute_TC02_DDT; --- Finished PlanCanada_TestTribute_TC02_DDT ---
INFO  - 2021-01-18 13:15:21.154; org.PlanCanadaTestAutomation.tests.PlanCanada_TestTribute_TC02_DDT; ---starting PlanCanada_TestTribute_TC02_DDT--- 
INFO  - 2021-01-18 13:15:44.215; org.PlanCanadaTestAutomation.tests.PlanCanada_TestTribute_TC02_DDT; --- Finished PlanCanada_TestTribute_TC02_DDT ---
INFO  - 2021-01-18 13:15:44.218; org.PlanCanadaTestAutomation.tests.PlanCanada_TestTribute_TC02_DDT; ---starting PlanCanada_TestTribute_TC02_DDT--- 
INFO  - 2021-01-18 13:15:53.895; org.PlanCanadaTestAutomation.tests.PlanCanada_TestTribute_TC02_DDT; --- Finished PlanCanada_TestTribute_TC02_DDT ---
INFO  - 2021-01-18 13:20:58.666; org.PlanCanadaTestAutomation.tests.PlanCanada_TestTribute_TC02_DDT; ---starting PlanCanada_TestTribute_TC02_DDT--- 
INFO  - 2021-01-18 13:21:09.856; org.PlanCanadaTestAutomation.tests.PlanCanada_TestTribute_TC02_DDT; --- Finished PlanCanada_TestTribute_TC02_DDT ---
INFO  - 2021-01-18 13:21:09.860; org.PlanCanadaTestAutomation.tests.PlanCanada_TestTribute_TC02_DDT; ---starting PlanCanada_TestTribute_TC02_DDT--- 
INFO  - 2021-01-18 13:21:19.553; org.PlanCanadaTestAutomation.tests.PlanCanada_TestTribute_TC02_DDT; --- Finished PlanCanada_TestTribute_TC02_DDT ---
INFO  - 2021-01-18 13:21:19.556; org.PlanCanadaTestAutomation.tests.PlanCanada_TestTribute_TC02_DDT; ---starting PlanCanada_TestTribute_TC02_DDT--- 
INFO  - 2021-01-18 13:21:29.252; org.PlanCanadaTestAutomation.tests.PlanCanada_TestTribute_TC02_DDT; --- Finished PlanCanada_TestTribute_TC02_DDT ---
INFO  - 2021-01-18 13:25:58.675; org.PlanCanadaTestAutomation.tests.PlanCanada_TestTribute_TC02_DDT; ---starting PlanCanada_TestTribute_TC02_DDT--- 
INFO  - 2021-01-18 13:26:14.617; org.PlanCanadaTestAutomation.tests.PlanCanada_TestTribute_TC02_DDT; --- Finished PlanCanada_TestTribute_TC02_DDT ---
INFO  - 2021-01-18 13:26:14.624; org.PlanCanadaTestAutomation.tests.PlanCanada_TestTribute_TC02_DDT; ---starting PlanCanada_TestTribute_TC02_DDT--- 
INFO  - 2021-01-18 13:26:28.347; org.PlanCanadaTestAutomation.tests.PlanCanada_TestTribute_TC02_DDT; --- Finished PlanCanada_TestTribute_TC02_DDT ---
INFO  - 2021-01-18 13:26:28.349; org.PlanCanadaTestAutomation.tests.PlanCanada_TestTribute_TC02_DDT; ---starting PlanCanada_TestTribute_TC02_DDT--- 
INFO  - 2021-01-18 13:26:43.760; org.PlanCanadaTestAutomation.tests.PlanCanada_TestTribute_TC02_DDT; --- Finished PlanCanada_TestTribute_TC02_DDT ---
INFO  - 2021-01-18 13:27:41.827; org.PlanCanadaTestAutomation.tests.PlanCanada_TestTribute_TC02_DDT; ---starting PlanCanada_TestTribute_TC02_DDT--- 
INFO  - 2021-01-18 13:27:54.674; org.PlanCanadaTestAutomation.tests.PlanCanada_TestTribute_TC02_DDT; --- Finished PlanCanada_TestTribute_TC02_DDT ---
INFO  - 2021-01-18 13:27:54.679; org.PlanCanadaTestAutomation.tests.PlanCanada_TestTribute_TC02_DDT; ---starting PlanCanada_TestTribute_TC02_DDT--- 
INFO  - 2021-01-18 13:28:04.229; org.PlanCanadaTestAutomation.tests.PlanCanada_TestTribute_TC02_DDT; --- Finished PlanCanada_TestTribute_TC02_DDT ---
INFO  - 2021-01-18 13:28:04.233; org.PlanCanadaTestAutomation.tests.PlanCanada_TestTribute_TC02_DDT; ---starting PlanCanada_TestTribute_TC02_DDT--- 
INFO  - 2021-01-18 13:28:30.728; org.PlanCanadaTestAutomation.tests.PlanCanada_TestTribute_TC02_DDT; --- Finished PlanCanada_TestTribute_TC02_DDT ---
INFO  - 2021-01-18 13:29:18.269; org.PlanCanadaTestAutomation.tests.PlanCanada_TestTribute_TC02_DDT; ---starting PlanCanada_TestTribute_TC02_DDT--- 
INFO  - 2021-01-18 13:29:42.548; org.PlanCanadaTestAutomation.tests.PlanCanada_TestTribute_TC02_DDT; --- Finished PlanCanada_TestTribute_TC02_DDT ---
INFO  - 2021-01-18 13:29:42.560; org.PlanCanadaTestAutomation.tests.PlanCanada_TestTribute_TC02_DDT; ---starting PlanCanada_TestTribute_TC02_DDT--- 
INFO  - 2021-01-18 13:29:54.461; org.PlanCanadaTestAutomation.tests.PlanCanada_TestTribute_TC02_DDT; --- Finished PlanCanada_TestTribute_TC02_DDT ---
INFO  - 2021-01-18 13:29:54.463; org.PlanCanadaTestAutomation.tests.PlanCanada_TestTribute_TC02_DDT; ---starting PlanCanada_TestTribute_TC02_DDT--- 
INFO  - 2021-01-18 13:30:05.951; org.PlanCanadaTestAutomation.tests.PlanCanada_TestTribute_TC02_DDT; --- Finished PlanCanada_TestTribute_TC02_DDT ---
INFO  - 2021-01-18 13:36:36.512; org.PlanCanadaTestAutomation.tests.PlanCanada_TestTribute_TC02_DDT; ---starting PlanCanada_TestTribute_TC02_DDT--- 
INFO  - 2021-01-18 13:37:49.126; org.PlanCanadaTestAutomation.tests.PlanCanada_TestTribute_TC02_DDT; ---starting PlanCanada_TestTribute_TC02_DDT--- 
INFO  - 2021-01-18 13:38:05.015; org.PlanCanadaTestAutomation.tests.PlanCanada_TestTribute_TC02_DDT; --- Finished PlanCanada_TestTribute_TC02_DDT ---
INFO  - 2021-01-18 13:38:05.020; org.PlanCanadaTestAutomation.tests.PlanCanada_TestTribute_TC02_DDT; ---starting PlanCanada_TestTribute_TC02_DDT--- 
INFO  - 2021-01-18 13:38:19.254; org.PlanCanadaTestAutomation.tests.PlanCanada_TestTribute_TC02_DDT; --- Finished PlanCanada_TestTribute_TC02_DDT ---
INFO  - 2021-01-18 13:38:19.257; org.PlanCanadaTestAutomation.tests.PlanCanada_TestTribute_TC02_DDT; ---starting PlanCanada_TestTribute_TC02_DDT--- 
INFO  - 2021-01-18 13:38:30.016; org.PlanCanadaTestAutomation.tests.PlanCanada_TestTribute_TC02_DDT; --- Finished PlanCanada_TestTribute_TC02_DDT ---
INFO  - 2021-01-18 13:39:25.986; org.PlanCanadaTestAutomation.tests.PlanCanada_TestTribute_TC02_DDT; ---starting PlanCanada_TestTribute_TC02_DDT--- 
INFO  - 2021-01-18 13:39:42.942; org.PlanCanadaTestAutomation.tests.PlanCanada_TestTribute_TC02_DDT; --- Finished PlanCanada_TestTribute_TC02_DDT ---
INFO  - 2021-01-18 13:39:42.948; org.PlanCanadaTestAutomation.tests.PlanCanada_TestTribute_TC02_DDT; ---starting PlanCanada_TestTribute_TC02_DDT--- 
INFO  - 2021-01-18 13:39:58.538; org.PlanCanadaTestAutomation.tests.PlanCanada_TestTribute_TC02_DDT; --- Finished PlanCanada_TestTribute_TC02_DDT ---
INFO  - 2021-01-18 13:39:58.541; org.PlanCanadaTestAutomation.tests.PlanCanada_TestTribute_TC02_DDT; ---starting PlanCanada_TestTribute_TC02_DDT--- 
INFO  - 2021-01-18 13:40:11.329; org.PlanCanadaTestAutomation.tests.PlanCanada_TestTribute_TC02_DDT; --- Finished PlanCanada_TestTribute_TC02_DDT ---
INFO  - 2021-01-18 14:40:32.573; org.PlanCanadaTestAutomation.tests.Tester; ---starting PlanCanada_TestTribute_TC03--- 
INFO  - 2021-01-18 14:48:22.284; org.PlanCanadaTestAutomation.tests.Tester; ---starting PlanCanada_TestTribute_TC03--- 
INFO  - 2021-01-18 14:53:49.309; org.PlanCanadaTestAutomation.tests.Tester; ---starting PlanCanada_TestTribute_TC03--- 
INFO  - 2021-01-18 15:04:28.867; org.PlanCanadaTestAutomation.tests.Tester; ---starting PlanCanada_TestTribute_TC03--- 
INFO  - 2021-01-18 15:04:38.172; org.PlanCanadaTestAutomation.tests.Tester; --- Finished PlanCanada_TestTribute_TC02_DDT ---
INFO  - 2021-01-18 15:13:12.232; org.PlanCanadaTestAutomation.tests.Tester; ---starting PlanCanada_TestTribute_TC03--- 
INFO  - 2021-01-18 15:13:22.033; org.PlanCanadaTestAutomation.tests.Tester; --- Finished PlanCanada_TestTribute_TC02_DDT ---
INFO  - 2021-01-18 16:03:26.904; org.PlanCanadaTestAutomation.tests.Tester; ---starting PlanCanada_TestTribute_TC03--- 
INFO  - 2021-01-18 16:06:58.203; org.PlanCanadaTestAutomation.tests.Tester; ---starting PlanCanada_TestTribute_TC03--- 
INFO  - 2021-01-18 16:08:52.188; org.PlanCanadaTestAutomation.tests.Tester; ---starting PlanCanada_TestTribute_TC03--- 
INFO  - 2021-01-18 16:17:38.825; org.PlanCanadaTestAutomation.tests.Tester; ---starting PlanCanada_TestTribute_TC03--- 
INFO  - 2021-01-18 16:34:56.447; org.PlanCanadaTestAutomation.tests.Tester; ---starting PlanCanada_TestTribute_TC03--- 
INFO  - 2021-01-18 17:03:33.394; org.PlanCanadaTestAutomation.tests.PlanCanada_TestTribute_TC02_DDT; ---starting PlanCanada_TestTribute_TC02_DDT--- 
INFO  - 2021-01-18 17:03:51.608; org.PlanCanadaTestAutomation.tests.PlanCanada_TestTribute_TC02_DDT; --- Finished PlanCanada_TestTribute_TC02_DDT ---
INFO  - 2021-01-18 17:03:51.622; org.PlanCanadaTestAutomation.tests.PlanCanada_TestTribute_TC02_DDT; ---starting PlanCanada_TestTribute_TC02_DDT--- 
INFO  - 2021-01-18 17:04:15.734; org.PlanCanadaTestAutomation.tests.PlanCanada_TestTribute_TC02_DDT; --- Finished PlanCanada_TestTribute_TC02_DDT ---
INFO  - 2021-01-18 17:04:15.738; org.PlanCanadaTestAutomation.tests.PlanCanada_TestTribute_TC02_DDT; ---starting PlanCanada_TestTribute_TC02_DDT--- 
INFO  - 2021-01-18 17:05:03.265; org.PlanCanadaTestAutomation.tests.PlanCanada_TestTribute_TC02_DDT; ---starting PlanCanada_TestTribute_TC02_DDT--- 
INFO  - 2021-01-18 17:05:19.229; org.PlanCanadaTestAutomation.tests.PlanCanada_TestTribute_TC02_DDT; --- Finished PlanCanada_TestTribute_TC02_DDT ---
INFO  - 2021-01-18 17:05:19.242; org.PlanCanadaTestAutomation.tests.PlanCanada_TestTribute_TC02_DDT; ---starting PlanCanada_TestTribute_TC02_DDT--- 
INFO  - 2021-01-18 17:05:33.529; org.PlanCanadaTestAutomation.tests.PlanCanada_TestTribute_TC02_DDT; --- Finished PlanCanada_TestTribute_TC02_DDT ---
INFO  - 2021-01-18 17:05:33.543; org.PlanCanadaTestAutomation.tests.PlanCanada_TestTribute_TC02_DDT; ---starting PlanCanada_TestTribute_TC02_DDT--- 
INFO  - 2021-01-18 17:05:46.924; org.PlanCanadaTestAutomation.tests.PlanCanada_TestTribute_TC02_DDT; --- Finished PlanCanada_TestTribute_TC02_DDT ---
INFO  - 2021-01-18 17:07:10.600; org.PlanCanadaTestAutomation.tests.PlanCanada_TestTribute_TC02_DDT; ---starting PlanCanada_TestTribute_TC02_DDT--- 
INFO  - 2021-01-18 17:07:25.736; org.PlanCanadaTestAutomation.tests.PlanCanada_TestTribute_TC02_DDT; --- Finished PlanCanada_TestTribute_TC02_DDT ---
INFO  - 2021-01-18 17:07:25.742; org.PlanCanadaTestAutomation.tests.PlanCanada_TestTribute_TC02_DDT; ---starting PlanCanada_TestTribute_TC02_DDT--- 
INFO  - 2021-01-18 17:07:40.004; org.PlanCanadaTestAutomation.tests.PlanCanada_TestTribute_TC02_DDT; --- Finished PlanCanada_TestTribute_TC02_DDT ---
INFO  - 2021-01-18 17:07:40.007; org.PlanCanadaTestAutomation.tests.PlanCanada_TestTribute_TC02_DDT; ---starting PlanCanada_TestTribute_TC02_DDT--- 
INFO  - 2021-01-18 17:07:52.620; org.PlanCanadaTestAutomation.tests.PlanCanada_TestTribute_TC02_DDT; --- Finished PlanCanada_TestTribute_TC02_DDT ---
INFO  - 2021-01-18 17:09:07.879; org.PlanCanadaTestAutomation.tests.SalesForce_TC01; ---starting SalesForce_TC01--- 
INFO  - 2021-01-18 17:09:51.233; org.PlanCanadaTestAutomation.tests.SalesForce_TC01; --- Finished SalesForce_TC01 ---
INFO  - 2021-01-18 17:11:44.271; org.PlanCanadaTestAutomation.tests.SalesForce_TC01; ---starting SalesForce_TC01--- 
INFO  - 2021-01-18 17:12:08.940; org.PlanCanadaTestAutomation.pageObject.SalesForce_ObjectPage; Test for object create
INFO  - 2021-01-18 17:12:22.165; org.PlanCanadaTestAutomation.tests.SalesForce_TC01; --- Finished SalesForce_TC01 ---
INFO  - 2021-01-19 09:24:06.891; org.PlanCanadaTestAutomation.tests.SalesForce_TC01; ---starting SalesForce_TC01--- 
INFO  - 2021-01-19 09:24:51.773; org.PlanCanadaTestAutomation.tests.SalesForce_TC01; --- Finished SalesForce_TC01 ---
INFO  - 2021-01-19 09:27:37.490; org.PlanCanadaTestAutomation.tests.PlanCanada_TestTribute_TC02_DDT; ---starting PlanCanada_TestTribute_TC02_DDT--- 
INFO  - 2021-01-19 09:27:59.310; org.PlanCanadaTestAutomation.tests.PlanCanada_TestTribute_TC02_DDT; --- Finished PlanCanada_TestTribute_TC02_DDT ---
INFO  - 2021-01-19 09:27:59.324; org.PlanCanadaTestAutomation.tests.PlanCanada_TestTribute_TC02_DDT; ---starting PlanCanada_TestTribute_TC02_DDT--- 
INFO  - 2021-01-19 09:28:17.721; org.PlanCanadaTestAutomation.tests.PlanCanada_TestTribute_TC02_DDT; --- Finished PlanCanada_TestTribute_TC02_DDT ---
INFO  - 2021-01-19 09:28:17.724; org.PlanCanadaTestAutomation.tests.PlanCanada_TestTribute_TC02_DDT; ---starting PlanCanada_TestTribute_TC02_DDT--- 
INFO  - 2021-01-19 09:28:33.405; org.PlanCanadaTestAutomation.tests.PlanCanada_TestTribute_TC02_DDT; --- Finished PlanCanada_TestTribute_TC02_DDT ---
INFO  - 2021-01-19 09:31:10.119; org.PlanCanadaTestAutomation.tests.PlanCanada_TestTribute_TC02_DDT; ---starting PlanCanada_TestTribute_TC02_DDT--- 
INFO  - 2021-01-19 09:31:30.985; org.PlanCanadaTestAutomation.tests.PlanCanada_TestTribute_TC02_DDT; --- Finished PlanCanada_TestTribute_TC02_DDT ---
INFO  - 2021-01-19 09:31:30.997; org.PlanCanadaTestAutomation.tests.PlanCanada_TestTribute_TC02_DDT; ---starting PlanCanada_TestTribute_TC02_DDT--- 
INFO  - 2021-01-19 09:31:49.737; org.PlanCanadaTestAutomation.tests.PlanCanada_TestTribute_TC02_DDT; --- Finished PlanCanada_TestTribute_TC02_DDT ---
INFO  - 2021-01-19 09:31:49.745; org.PlanCanadaTestAutomation.tests.PlanCanada_TestTribute_TC02_DDT; ---starting PlanCanada_TestTribute_TC02_DDT--- 
INFO  - 2021-01-19 09:32:06.662; org.PlanCanadaTestAutomation.tests.PlanCanada_TestTribute_TC02_DDT; --- Finished PlanCanada_TestTribute_TC02_DDT ---
INFO  - 2021-01-19 09:41:08.742; org.PlanCanadaTestAutomation.tests.Tester; ---starting PlanCanada_TestTribute_TC03--- 
INFO  - 2021-01-19 10:46:59.852; org.PlanCanadaTestAutomation.tests.Tester; ---starting PlanCanada_TestTribute_TC03--- 
INFO  - 2021-01-19 10:48:47.505; org.PlanCanadaTestAutomation.tests.Tester; ---starting PlanCanada_TestTribute_TC03--- 
INFO  - 2021-01-19 10:57:18.460; org.PlanCanadaTestAutomation.tests.Tester; ---starting PlanCanada_TestTribute_TC03--- 
INFO  - 2021-01-19 11:19:17.020; org.PlanCanadaTestAutomation.tests.SalesForce_TC01; ---starting SalesForce_TC01--- 
INFO  - 2021-01-19 11:23:26.034; org.PlanCanadaTestAutomation.tests.SalesForce_TC01; ---starting SalesForce_TC01--- 
INFO  - 2021-01-19 11:24:07.341; org.PlanCanadaTestAutomation.tests.SalesForce_TC01; --- Finished SalesForce_TC01 ---
INFO  - 2021-01-19 11:35:16.501; org.PlanCanadaTestAutomation.tests.Tester; ---starting PlanCanada_TestTribute_TC03--- 
INFO  - 2021-01-19 11:35:58.696; org.PlanCanadaTestAutomation.tests.Tester; ---starting PlanCanada_TestTribute_TC03--- 
INFO  - 2021-01-19 11:38:34.370; org.PlanCanadaTestAutomation.tests.Tester; ---starting PlanCanada_TestTribute_TC03--- 
INFO  - 2021-01-19 11:57:14.450; org.PlanCanadaTestAutomation.tests.PlanCanada_TestTribute_TC02_DDT; ---starting PlanCanada_TestTribute_TC02_DDT--- 
INFO  - 2021-01-19 11:57:34.905; org.PlanCanadaTestAutomation.tests.PlanCanada_TestTribute_TC02_DDT; --- Finished PlanCanada_TestTribute_TC02_DDT ---
INFO  - 2021-01-19 11:57:34.920; org.PlanCanadaTestAutomation.tests.PlanCanada_TestTribute_TC02_DDT; ---starting PlanCanada_TestTribute_TC02_DDT--- 
INFO  - 2021-01-19 11:57:52.479; org.PlanCanadaTestAutomation.tests.PlanCanada_TestTribute_TC02_DDT; --- Finished PlanCanada_TestTribute_TC02_DDT ---
INFO  - 2021-01-19 11:57:52.482; org.PlanCanadaTestAutomation.tests.PlanCanada_TestTribute_TC02_DDT; ---starting PlanCanada_TestTribute_TC02_DDT--- 
INFO  - 2021-01-19 11:58:10.585; org.PlanCanadaTestAutomation.tests.PlanCanada_TestTribute_TC02_DDT; --- Finished PlanCanada_TestTribute_TC02_DDT ---
INFO  - 2021-01-19 11:59:19.608; org.PlanCanadaTestAutomation.tests.SalesForce_TC01; ---starting SalesForce_TC01--- 
INFO  - 2021-01-19 11:59:58.514; org.PlanCanadaTestAutomation.tests.SalesForce_TC01; --- Finished SalesForce_TC01 ---
INFO  - 2021-01-20 15:32:38.174; org.PlanCanadaTestAutomation.tests.Tester; --- starting tester classs ---
