[13832:18804:0119/115916.840:INFO:CONSOLE(73)] "BSSO Telemetry: {"result":"Error","error":"NoExtension","type":"ChromeSsoTelemetry","data":{},"traces":["BrowserSSO Initialized","Creating ChromeBrowserCore provider","Sending message for method CreateProviderAsync","Received message for method CreateProviderAsync","Error: ChromeBrowserCore error NoExtension: Extension is not installed."]}", source: https://login.microsoftonline.com/82c2ddcb-0e1f-443f-9d60-07a93fa18a9a/oauth2/authorize?client_id=00000003-0000-0ff1-ce00-000000000000&response_mode=form_post&protectedtoken=true&response_type=code%20id_token&resource=00000003-0000-0ff1-ce00-000000000000&scope=openid&nonce=6282E376C422A18F2843D4ACB705155D0964551A6DC5E0C4-5CCBEC5A552247FCC9553FBE4330B503BC1FE18B056341875EF3D754095E51FB&redirect_uri=https%3A%2F%2Fplaninternationalcanada.sharepoint.com%2F_forms%2Fdefault.aspx&claims=%7B%22id_token%22%3A%7B%22xms_cc%22%3A%7B%22values%22%3A%5B%22CP1%22%5D%7D%7D%7D&wsucxt=1&cobrandid=11bd8083-87e0-41b5-bb78-0bc43c8a8e8a&client-request-id=2fdca29f-40b8-b000-a887-6c6eb84d8f41 (73)
[13832:18804:0119/115918.841:ERROR:device_event_log_impl.cc(211)] [11:59:18.840] USB: usb_device_handle_win.cc:1020 Failed to read descriptor from node connection: A device attached to the system is not functioning. (0x1F)
[13832:18804:0119/115918.842:ERROR:device_event_log_impl.cc(211)] [11:59:18.841] USB: usb_device_handle_win.cc:1020 Failed to read descriptor from node connection: A device attached to the system is not functioning. (0x1F)
[13832:18804:0119/115921.205:INFO:CONSOLE(13)] "Synchronous XMLHttpRequest on the main thread is deprecated because of its detrimental effects to the end user's experience. For more help, check https://xhr.spec.whatwg.org/.", source: https://c1.sfdcstatic.com/etc/clientlibs/sfdc-aem-master/clientlibs_www_tags.min.95a1b142cb41eaf1f820ba3ed19d1a49.js (13)
[13832:18804:0119/115921.211:INFO:CONSOLE(16)] "Could not load taxonomy information for the current page due server status", source: https://c1.sfdcstatic.com/etc/clientlibs/sfdc-aem-master/clientlibs_www_tags.min.95a1b142cb41eaf1f820ba3ed19d1a49.js (16)
[13832:18804:0119/115925.092:INFO:CONSOLE(1)] "<lightning-spinner> The alternativeText attribute should not be empty. Please add a description of what is causing the wait.", source: https://plan2-dev-ed.lightning.force.com/components/lightning/spinner.js (1)
[13832:18804:0119/115926.677:INFO:CONSOLE(37)] "[object Object]", source: https://plan2-dev-ed.lightning.force.com/libraries/instrumentation/beaconLib.BeaconLibrary.js (37)
[13832:18804:0119/115926.678:INFO:CONSOLE(0)] "Notifications permission has been blocked as the user has ignored the permission prompt several times. This can be reset in Page Info which can be accessed by clicking the lock icon next to the URL. See https://www.chromestatus.com/features/6443143280984064 for more information.", source: https://plan2-dev-ed.lightning.force.com/lightning/setup/ObjectManager/home (0)
[13832:18804:0119/115931.507:INFO:CONSOLE(37)] "[object Object]", source: https://plan2-dev-ed.lightning.force.com/libraries/instrumentation/beaconLib.BeaconLibrary.js (37)
[13832:18804:0119/115933.402:INFO:CONSOLE(37)] "[object Object]", source: https://plan2-dev-ed.lightning.force.com/libraries/instrumentation/beaconLib.BeaconLibrary.js (37)
[13832:18804:0119/115935.980:INFO:CONSOLE(24)] "Uncaught ReferenceError: OverlayDialog is not defined", source: https://plan2-dev-ed.my.salesforce.com/jslibrary/1590082528228/sfdc/Setup.js (24)
[13832:18804:0119/115936.448:INFO:CONSOLE(154)] "[LEXI:navigator:communication] waiting for connection on page /layouteditor/layoutEditor.apexp", source: https://plan2-dev-ed.my.salesforce.com/jslibrary/1595877224228/sfdc/AuraAlohaFrameNavigator.js (154)
[13832:18804:0119/115936.572:INFO:CONSOLE(155)] "[LEXI:navigator:communication] connection established on page /layouteditor/layoutEditor.apexp.  Lightning Message Service enabled: true", source: https://plan2-dev-ed.my.salesforce.com/jslibrary/1595877224228/sfdc/AuraAlohaFrameNavigator.js (155)
[13832:18804:0119/115936.619:INFO:CONSOLE(37)] "[object Object]", source: https://plan2-dev-ed.lightning.force.com/libraries/instrumentation/beaconLib.BeaconLibrary.js (37)
[13832:18804:0119/115940.127:INFO:CONSOLE(154)] "[LEXI:navigator:communication] waiting for connection on page /01I/e", source: https://plan2-dev-ed.my.salesforce.com/jslibrary/1595877224228/sfdc/AuraAlohaFrameNavigator.js (154)
[13832:18804:0119/115940.268:INFO:CONSOLE(155)] "[LEXI:navigator:communication] connection established on page /01I/e.  Lightning Message Service enabled: false", source: https://plan2-dev-ed.my.salesforce.com/jslibrary/1595877224228/sfdc/AuraAlohaFrameNavigator.js (155)
[13832:18804:0119/115940.294:INFO:CONSOLE(37)] "[object Object]", source: https://plan2-dev-ed.lightning.force.com/libraries/instrumentation/beaconLib.BeaconLibrary.js (37)
[13832:18804:0119/115944.778:INFO:CONSOLE(154)] "[LEXI:navigator:communication] waiting for connection on page /01I/e", source: https://plan2-dev-ed.my.salesforce.com/jslibrary/1595877224228/sfdc/AuraAlohaFrameNavigator.js (154)
[13832:18804:0119/115944.894:INFO:CONSOLE(155)] "[LEXI:navigator:communication] connection established on page /01I/e.  Lightning Message Service enabled: false", source: https://plan2-dev-ed.my.salesforce.com/jslibrary/1595877224228/sfdc/AuraAlohaFrameNavigator.js (155)
[13832:18804:0119/115950.225:INFO:CONSOLE(37)] "[object Object]", source: https://plan2-dev-ed.lightning.force.com/libraries/instrumentation/beaconLib.BeaconLibrary.js (37)
[13832:18804:0119/115951.385:WARNING:pref_notifier_impl.cc(40)] Pref observer for media_router.cast_allow_all_ips found at shutdown.
